2025-01-05 22:13:16,067 | INFO     | 0046 | Adding collector to collector service: Device Id:1, Device name: Air Quality
2025-01-05 22:13:16,067 | INFO     | 0046 | Adding collector to collector service: Device Id:2, Device name: Test device
2025-01-05 22:13:16,067 | INFO     | 0046 | Adding collector to collector service: Device Id:3, Device name: Air Qaulity Test 1
2025-01-05 22:13:16,067 | INFO     | 0046 | Adding collector to collector service: Device Id:4, Device name: Air Qaulity Test 2
2025-01-05 22:13:16,067 | INFO     | 0046 | Adding collector to collector service: Device Id:5, Device name: Air Quality Test 3
2025-01-05 22:13:16,069 | INFO     | 0059 | Starting collection: Device Id:1, Device name: Air Quality
2025-01-05 22:13:16,070 | INFO     | 0059 | Starting collection: Device Id:2, Device name: Test device
2025-01-05 22:13:16,071 | INFO     | 0059 | Starting collection: Device Id:3, Device name: Air Qaulity Test 1
2025-01-05 22:13:16,072 | INFO     | 0059 | Starting collection: Device Id:4, Device name: Air Qaulity Test 2
2025-01-05 22:13:16,072 | INFO     | 0059 | Starting collection: Device Id:5, Device name: Air Quality Test 3
2025-01-05 22:52:28,322 | INFO     | 0046 | Adding collector to collector service: Device Id:1, Device name: Air Quality
2025-01-05 22:52:28,323 | INFO     | 0046 | Adding collector to collector service: Device Id:2, Device name: Test device
2025-01-05 22:52:28,323 | INFO     | 0046 | Adding collector to collector service: Device Id:3, Device name: Air Qaulity Test 1
2025-01-05 22:52:28,323 | INFO     | 0046 | Adding collector to collector service: Device Id:4, Device name: Air Qaulity Test 2
2025-01-05 22:52:28,323 | INFO     | 0046 | Adding collector to collector service: Device Id:5, Device name: Air Quality Test 3
2025-01-05 22:52:28,325 | INFO     | 0059 | Starting collection: Device Id:1, Device name: Air Quality
2025-01-05 22:52:28,326 | INFO     | 0059 | Starting collection: Device Id:2, Device name: Test device
2025-01-05 22:52:28,326 | INFO     | 0059 | Starting collection: Device Id:3, Device name: Air Qaulity Test 1
2025-01-05 22:52:28,327 | INFO     | 0059 | Starting collection: Device Id:4, Device name: Air Qaulity Test 2
2025-01-05 22:52:28,328 | INFO     | 0059 | Starting collection: Device Id:5, Device name: Air Quality Test 3
2025-01-05 22:53:10,875 | INFO     | 0046 | Adding collector to collector service: Device Id:1, Device name: Air Quality
2025-01-05 22:53:10,875 | INFO     | 0046 | Adding collector to collector service: Device Id:2, Device name: Test device
2025-01-05 22:53:10,875 | INFO     | 0046 | Adding collector to collector service: Device Id:3, Device name: Air Qaulity Test 1
2025-01-05 22:53:10,875 | INFO     | 0046 | Adding collector to collector service: Device Id:4, Device name: Air Qaulity Test 2
2025-01-05 22:53:10,875 | INFO     | 0046 | Adding collector to collector service: Device Id:5, Device name: Air Quality Test 3
2025-01-05 22:53:10,877 | INFO     | 0059 | Starting collection: Device Id:1, Device name: Air Quality
2025-01-05 22:53:10,878 | INFO     | 0059 | Starting collection: Device Id:2, Device name: Test device
2025-01-05 22:53:10,879 | INFO     | 0059 | Starting collection: Device Id:3, Device name: Air Qaulity Test 1
2025-01-05 22:53:10,880 | INFO     | 0059 | Starting collection: Device Id:4, Device name: Air Qaulity Test 2
2025-01-05 22:53:10,881 | INFO     | 0059 | Starting collection: Device Id:5, Device name: Air Quality Test 3
